<?xml version="1.0" encoding="UTF-8"?>
<testsuite name="com.skloch.tests.AssetTests" tests="1" skipped="0" failures="0" errors="0" timestamp="2024-04-26T14:47:57" hostname="LAPTOP-DK3DE44I" time="0.014">
  <properties/>
  <testcase name="testGameScreenAssetsExist" classname="com.skloch.tests.AssetTests" time="0.014"/>
  <system-out><![CDATA[]]></system-out>
  <system-err><![CDATA[]]></system-err>
</testsuite>
