<?xml version="1.0" encoding="UTF-8"?>
<testsuite name="com.skloch.tests.GameScreenTests" tests="1" skipped="0" failures="0" errors="0" timestamp="2024-04-24T14:24:24" hostname="LAPTOP-DK3DE44I" time="0.023">
  <properties/>
  <testcase name="testGameValueInitialisation" classname="com.skloch.tests.GameScreenTests" time="0.023"/>
  <system-out><![CDATA[]]></system-out>
  <system-err><![CDATA[]]></system-err>
</testsuite>
